<?xml version="1.0" encoding="UTF-8"?>
<robot generator="Robot 6.1.1 (Python 3.10.5 on win32)" generated="20241006 04:51:30.710" rpa="false" schemaversion="4">
<suite id="s1" name="65022353Basic-Robotframwork" source="c:\UPwork\Software Advance Testing 67-1 2567\ปลายภาค sw-advance-testing\65022353basic-robotframwork.robot">
<kw name="Open Browser" library="SeleniumLibrary" type="SETUP">
<arg>https://test.k6.io/browser.php</arg>
<arg>chrome</arg>
<doc>Opens a new browser instance to the optional ``url``.</doc>
<msg timestamp="20241006 04:51:30.924" level="INFO">Opening browser 'chrome' to base url 'https://test.k6.io/browser.php'.</msg>
<status status="PASS" starttime="20241006 04:51:30.923" endtime="20241006 04:51:33.223"/>
</kw>
<test id="s1-t1" name="TC01 Check Checkbox Text In Element" line="59">
<kw name="Get CHECKBOX-INFO">
<var>${checkbox_info}</var>
<kw name="Get Text" library="SeleniumLibrary">
<var>${checkbox_info}</var>
<arg>id=checkbox-info-display</arg>
<doc>Returns the text value of the element identified by ``locator``.</doc>
<msg timestamp="20241006 04:51:33.257" level="INFO">${checkbox_info} = No interaction</msg>
<status status="PASS" starttime="20241006 04:51:33.225" endtime="20241006 04:51:33.257"/>
</kw>
<msg timestamp="20241006 04:51:33.257" level="INFO">${checkbox_info} = No interaction</msg>
<status status="PASS" starttime="20241006 04:51:33.225" endtime="20241006 04:51:33.257"/>
</kw>
<kw name="Log To Console" library="BuiltIn">
<arg>before Checking the box: "${checkbox_info}"</arg>
<doc>Logs the given message to the console.</doc>
<status status="PASS" starttime="20241006 04:51:33.258" endtime="20241006 04:51:33.258"/>
</kw>
<kw name="Should Be Equal" library="BuiltIn">
<arg>${checkbox_info}</arg>
<arg>${NO_INTERACTION}</arg>
<doc>Fails if the given objects are unequal.</doc>
<status status="PASS" starttime="20241006 04:51:33.259" endtime="20241006 04:51:33.259"/>
</kw>
<kw name="Click CHECKBOX-INFO">
<kw name="Click Element" library="SeleniumLibrary">
<arg>id=checkbox1</arg>
<doc>Click the element identified by ``locator``.</doc>
<msg timestamp="20241006 04:51:33.260" level="INFO">Clicking element 'id=checkbox1'.</msg>
<status status="PASS" starttime="20241006 04:51:33.260" endtime="20241006 04:51:33.308"/>
</kw>
<status status="PASS" starttime="20241006 04:51:33.259" endtime="20241006 04:51:33.308"/>
</kw>
<kw name="Get CHECKBOX-INFO">
<var>${checkbox_info}</var>
<kw name="Get Text" library="SeleniumLibrary">
<var>${checkbox_info}</var>
<arg>id=checkbox-info-display</arg>
<doc>Returns the text value of the element identified by ``locator``.</doc>
<msg timestamp="20241006 04:51:33.322" level="INFO">${checkbox_info} = Thanks for checking the box</msg>
<status status="PASS" starttime="20241006 04:51:33.309" endtime="20241006 04:51:33.322"/>
</kw>
<msg timestamp="20241006 04:51:33.322" level="INFO">${checkbox_info} = Thanks for checking the box</msg>
<status status="PASS" starttime="20241006 04:51:33.308" endtime="20241006 04:51:33.322"/>
</kw>
<kw name="Log To Console" library="BuiltIn">
<arg>after Checking the box: "${checkbox_info}"</arg>
<doc>Logs the given message to the console.</doc>
<status status="PASS" starttime="20241006 04:51:33.323" endtime="20241006 04:51:33.323"/>
</kw>
<kw name="Should Be Equal" library="BuiltIn">
<arg>${checkbox_info}</arg>
<arg>${CHECKED_MESSAGE}</arg>
<doc>Fails if the given objects are unequal.</doc>
<status status="PASS" starttime="20241006 04:51:33.323" endtime="20241006 04:51:33.324"/>
</kw>
<kw name="Click CHECKBOX-INFO">
<kw name="Click Element" library="SeleniumLibrary">
<arg>id=checkbox1</arg>
<doc>Click the element identified by ``locator``.</doc>
<msg timestamp="20241006 04:51:33.325" level="INFO">Clicking element 'id=checkbox1'.</msg>
<status status="PASS" starttime="20241006 04:51:33.324" endtime="20241006 04:51:33.360"/>
</kw>
<status status="PASS" starttime="20241006 04:51:33.324" endtime="20241006 04:51:33.360"/>
</kw>
<kw name="Get CHECKBOX-INFO">
<var>${checkbox_info}</var>
<kw name="Get Text" library="SeleniumLibrary">
<var>${checkbox_info}</var>
<arg>id=checkbox-info-display</arg>
<doc>Returns the text value of the element identified by ``locator``.</doc>
<msg timestamp="20241006 04:51:33.374" level="INFO">${checkbox_info} = You've just unchecked the box</msg>
<status status="PASS" starttime="20241006 04:51:33.361" endtime="20241006 04:51:33.374"/>
</kw>
<msg timestamp="20241006 04:51:33.375" level="INFO">${checkbox_info} = You've just unchecked the box</msg>
<status status="PASS" starttime="20241006 04:51:33.361" endtime="20241006 04:51:33.375"/>
</kw>
<kw name="Log To Console" library="BuiltIn">
<arg>after Unchecking the box: "${checkbox_info}"</arg>
<doc>Logs the given message to the console.</doc>
<status status="PASS" starttime="20241006 04:51:33.375" endtime="20241006 04:51:33.375"/>
</kw>
<kw name="Should Be Equal" library="BuiltIn">
<arg>${checkbox_info}</arg>
<arg>${UNCHECKED_MESSAGE}</arg>
<doc>Fails if the given objects are unequal.</doc>
<status status="PASS" starttime="20241006 04:51:33.375" endtime="20241006 04:51:33.376"/>
</kw>
<status status="PASS" starttime="20241006 04:51:33.224" endtime="20241006 04:51:33.376"/>
</test>
<test id="s1-t2" name="TC02 Check Increment Click" line="78">
<kw name="Capture Page Screenshot" library="SeleniumLibrary">
<arg>beforeIncrement.png</arg>
<doc>Takes a screenshot of the current page and embeds it into a log file.</doc>
<msg timestamp="20241006 04:51:33.581" level="INFO" html="true">&lt;/td&gt;&lt;/tr&gt;&lt;tr&gt;&lt;td colspan="3"&gt;&lt;a href="beforeIncrement.png"&gt;&lt;img src="beforeIncrement.png" width="800px"&gt;&lt;/a&gt;</msg>
<status status="PASS" starttime="20241006 04:51:33.377" endtime="20241006 04:51:33.581"/>
</kw>
<kw name="Click for INCREMENT ELEMENT COUNTER">
<kw name="Click Element" library="SeleniumLibrary">
<arg>id=counter-button</arg>
<doc>Click the element identified by ``locator``.</doc>
<msg timestamp="20241006 04:51:33.582" level="INFO">Clicking element 'id=counter-button'.</msg>
<status status="PASS" starttime="20241006 04:51:33.581" endtime="20241006 04:51:33.616"/>
</kw>
<status status="PASS" starttime="20241006 04:51:33.581" endtime="20241006 04:51:33.616"/>
</kw>
<kw name="Get+Log COUNTER INFO DISPLAY">
<kw name="Get Text" library="SeleniumLibrary">
<var>${counter_info}</var>
<arg>id=counter-info-display</arg>
<doc>Returns the text value of the element identified by ``locator``.</doc>
<msg timestamp="20241006 04:51:33.633" level="INFO">${counter_info} = Counter: 1</msg>
<status status="PASS" starttime="20241006 04:51:33.617" endtime="20241006 04:51:33.633"/>
</kw>
<kw name="Log To Console" library="BuiltIn">
<arg>${counter_info}</arg>
<doc>Logs the given message to the console.</doc>
<status status="PASS" starttime="20241006 04:51:33.633" endtime="20241006 04:51:33.634"/>
</kw>
<status status="PASS" starttime="20241006 04:51:33.617" endtime="20241006 04:51:33.634"/>
</kw>
<kw name="Capture Page Screenshot" library="SeleniumLibrary">
<arg>afterIncrement.png</arg>
<doc>Takes a screenshot of the current page and embeds it into a log file.</doc>
<msg timestamp="20241006 04:51:33.724" level="INFO" html="true">&lt;/td&gt;&lt;/tr&gt;&lt;tr&gt;&lt;td colspan="3"&gt;&lt;a href="afterIncrement.png"&gt;&lt;img src="afterIncrement.png" width="800px"&gt;&lt;/a&gt;</msg>
<status status="PASS" starttime="20241006 04:51:33.634" endtime="20241006 04:51:33.725"/>
</kw>
<status status="PASS" starttime="20241006 04:51:33.376" endtime="20241006 04:51:33.725"/>
</test>
<test id="s1-t3" name="TC03 Input Text" line="84">
<kw name="Get TEXT INPUT INFO">
<var>${text_input_info}</var>
<kw name="Get Text" library="SeleniumLibrary">
<var>${text_input_info}</var>
<arg>id=text-info-display</arg>
<doc>Returns the text value of the element identified by ``locator``.</doc>
<msg timestamp="20241006 04:51:33.744" level="INFO">${text_input_info} = No interaction</msg>
<status status="PASS" starttime="20241006 04:51:33.726" endtime="20241006 04:51:33.744"/>
</kw>
<msg timestamp="20241006 04:51:33.744" level="INFO">${text_input_info} = No interaction</msg>
<status status="PASS" starttime="20241006 04:51:33.726" endtime="20241006 04:51:33.744"/>
</kw>
<kw name="Log To Console" library="BuiltIn">
<arg>before Focusing input-text: "${text_input_info}"</arg>
<doc>Logs the given message to the console.</doc>
<status status="PASS" starttime="20241006 04:51:33.745" endtime="20241006 04:51:33.745"/>
</kw>
<kw name="Should Be Equal" library="BuiltIn">
<arg>${text_input_info}</arg>
<arg>${NO_INTERACTION}</arg>
<doc>Fails if the given objects are unequal.</doc>
<status status="PASS" starttime="20241006 04:51:33.745" endtime="20241006 04:51:33.746"/>
</kw>
<kw name="Click TEXT INPUT">
<kw name="Click Element" library="SeleniumLibrary">
<arg>id=text1</arg>
<doc>Click the element identified by ``locator``.</doc>
<msg timestamp="20241006 04:51:33.747" level="INFO">Clicking element 'id=text1'.</msg>
<status status="PASS" starttime="20241006 04:51:33.746" endtime="20241006 04:51:33.788"/>
</kw>
<status status="PASS" starttime="20241006 04:51:33.746" endtime="20241006 04:51:33.788"/>
</kw>
<kw name="Get TEXT INPUT INFO">
<var>${text_input_info}</var>
<kw name="Get Text" library="SeleniumLibrary">
<var>${text_input_info}</var>
<arg>id=text-info-display</arg>
<doc>Returns the text value of the element identified by ``locator``.</doc>
<msg timestamp="20241006 04:51:33.802" level="INFO">${text_input_info} = focused on input text field</msg>
<status status="PASS" starttime="20241006 04:51:33.789" endtime="20241006 04:51:33.802"/>
</kw>
<msg timestamp="20241006 04:51:33.802" level="INFO">${text_input_info} = focused on input text field</msg>
<status status="PASS" starttime="20241006 04:51:33.788" endtime="20241006 04:51:33.802"/>
</kw>
<kw name="Log To Console" library="BuiltIn">
<arg>after Focusing input-text: "${text_input_info}"</arg>
<doc>Logs the given message to the console.</doc>
<status status="PASS" starttime="20241006 04:51:33.802" endtime="20241006 04:51:33.803"/>
</kw>
<kw name="Should Be Equal" library="BuiltIn">
<arg>${text_input_info}</arg>
<arg>${FOCUSED_INPUT_TEXT}</arg>
<doc>Fails if the given objects are unequal.</doc>
<status status="PASS" starttime="20241006 04:51:33.803" endtime="20241006 04:51:33.803"/>
</kw>
<kw name="Input Text" library="SeleniumLibrary">
<arg>id=text1</arg>
<arg>1234</arg>
<doc>Types the given ``text`` into the text field identified by ``locator``.</doc>
<msg timestamp="20241006 04:51:33.804" level="INFO">Typing text '1234' into text field 'id=text1'.</msg>
<status status="PASS" starttime="20241006 04:51:33.803" endtime="20241006 04:51:33.862"/>
</kw>
<kw name="Get TEXT INPUT INFO">
<var>${text_input_info}</var>
<kw name="Get Text" library="SeleniumLibrary">
<var>${text_input_info}</var>
<arg>id=text-info-display</arg>
<doc>Returns the text value of the element identified by ``locator``.</doc>
<msg timestamp="20241006 04:51:33.874" level="INFO">${text_input_info} = Thanks for filling in the input text field</msg>
<status status="PASS" starttime="20241006 04:51:33.863" endtime="20241006 04:51:33.874"/>
</kw>
<msg timestamp="20241006 04:51:33.874" level="INFO">${text_input_info} = Thanks for filling in the input text field</msg>
<status status="PASS" starttime="20241006 04:51:33.862" endtime="20241006 04:51:33.874"/>
</kw>
<kw name="Log To Console" library="BuiltIn">
<arg>after Filling input-text: "${text_input_info}"</arg>
<doc>Logs the given message to the console.</doc>
<status status="PASS" starttime="20241006 04:51:33.875" endtime="20241006 04:51:33.875"/>
</kw>
<kw name="Should Be Equal" library="BuiltIn">
<arg>${text_input_info}</arg>
<arg>${FILLING_INPUT_TEXT}</arg>
<doc>Fails if the given objects are unequal.</doc>
<status status="PASS" starttime="20241006 04:51:33.875" endtime="20241006 04:51:33.875"/>
</kw>
<kw name="Click TEXT INPUT">
<kw name="Click Element" library="SeleniumLibrary">
<arg>id=text1</arg>
<doc>Click the element identified by ``locator``.</doc>
<msg timestamp="20241006 04:51:33.876" level="INFO">Clicking element 'id=text1'.</msg>
<status status="PASS" starttime="20241006 04:51:33.876" endtime="20241006 04:51:33.907"/>
</kw>
<status status="PASS" starttime="20241006 04:51:33.876" endtime="20241006 04:51:33.907"/>
</kw>
<for flavor="IN RANGE">
<var>${index}</var>
<value>4</value>
<iter>
<var name="${index}">0</var>
<kw name="Press Keys" library="SeleniumLibrary">
<arg>id=text1</arg>
<arg>BACKSPACE</arg>
<doc>Simulates the user pressing key(s) to an element or on the active browser.</doc>
<msg timestamp="20241006 04:51:33.908" level="INFO">Sending key(s) ('BACKSPACE',) to id=text1 element.</msg>
<msg timestamp="20241006 04:51:34.194" level="INFO">Pressing special key BACKSPACE to element.</msg>
<msg timestamp="20241006 04:51:34.194" level="INFO">Releasing special key BACKSPACE.</msg>
<status status="PASS" starttime="20241006 04:51:33.907" endtime="20241006 04:51:34.203"/>
</kw>
<status status="PASS" starttime="20241006 04:51:33.907" endtime="20241006 04:51:34.203"/>
</iter>
<iter>
<var name="${index}">1</var>
<kw name="Press Keys" library="SeleniumLibrary">
<arg>id=text1</arg>
<arg>BACKSPACE</arg>
<doc>Simulates the user pressing key(s) to an element or on the active browser.</doc>
<msg timestamp="20241006 04:51:34.204" level="INFO">Sending key(s) ('BACKSPACE',) to id=text1 element.</msg>
<msg timestamp="20241006 04:51:34.476" level="INFO">Pressing special key BACKSPACE to element.</msg>
<msg timestamp="20241006 04:51:34.476" level="INFO">Releasing special key BACKSPACE.</msg>
<status status="PASS" starttime="20241006 04:51:34.203" endtime="20241006 04:51:34.485"/>
</kw>
<status status="PASS" starttime="20241006 04:51:34.203" endtime="20241006 04:51:34.485"/>
</iter>
<iter>
<var name="${index}">2</var>
<kw name="Press Keys" library="SeleniumLibrary">
<arg>id=text1</arg>
<arg>BACKSPACE</arg>
<doc>Simulates the user pressing key(s) to an element or on the active browser.</doc>
<msg timestamp="20241006 04:51:34.486" level="INFO">Sending key(s) ('BACKSPACE',) to id=text1 element.</msg>
<msg timestamp="20241006 04:51:34.767" level="INFO">Pressing special key BACKSPACE to element.</msg>
<msg timestamp="20241006 04:51:34.767" level="INFO">Releasing special key BACKSPACE.</msg>
<status status="PASS" starttime="20241006 04:51:34.485" endtime="20241006 04:51:34.777"/>
</kw>
<status status="PASS" starttime="20241006 04:51:34.485" endtime="20241006 04:51:34.777"/>
</iter>
<iter>
<var name="${index}">3</var>
<kw name="Press Keys" library="SeleniumLibrary">
<arg>id=text1</arg>
<arg>BACKSPACE</arg>
<doc>Simulates the user pressing key(s) to an element or on the active browser.</doc>
<msg timestamp="20241006 04:51:34.778" level="INFO">Sending key(s) ('BACKSPACE',) to id=text1 element.</msg>
<msg timestamp="20241006 04:51:35.048" level="INFO">Pressing special key BACKSPACE to element.</msg>
<msg timestamp="20241006 04:51:35.048" level="INFO">Releasing special key BACKSPACE.</msg>
<status status="PASS" starttime="20241006 04:51:34.778" endtime="20241006 04:51:35.058"/>
</kw>
<status status="PASS" starttime="20241006 04:51:34.777" endtime="20241006 04:51:35.058"/>
</iter>
<status status="PASS" starttime="20241006 04:51:33.907" endtime="20241006 04:51:35.058"/>
</for>
<kw name="Get TEXT INPUT INFO">
<var>${text_input_info}</var>
<kw name="Get Text" library="SeleniumLibrary">
<var>${text_input_info}</var>
<arg>id=text-info-display</arg>
<doc>Returns the text value of the element identified by ``locator``.</doc>
<msg timestamp="20241006 04:51:35.070" level="INFO">${text_input_info} = You've just removed everything from the input text field</msg>
<status status="PASS" starttime="20241006 04:51:35.059" endtime="20241006 04:51:35.070"/>
</kw>
<msg timestamp="20241006 04:51:35.070" level="INFO">${text_input_info} = You've just removed everything from the input text field</msg>
<status status="PASS" starttime="20241006 04:51:35.058" endtime="20241006 04:51:35.070"/>
</kw>
<kw name="Log To Console" library="BuiltIn">
<arg>after Removing all input-text: "${text_input_info}"</arg>
<doc>Logs the given message to the console.</doc>
<status status="PASS" starttime="20241006 04:51:35.071" endtime="20241006 04:51:35.072"/>
</kw>
<kw name="Should Be Equal" library="BuiltIn">
<arg>${text_input_info}</arg>
<arg>${REMOVED_INPUT_TEXT}</arg>
<doc>Fails if the given objects are unequal.</doc>
<status status="PASS" starttime="20241006 04:51:35.072" endtime="20241006 04:51:35.072"/>
</kw>
<status status="PASS" starttime="20241006 04:51:33.726" endtime="20241006 04:51:35.072"/>
</test>
<test id="s1-t4" name="TC04 Selectbox" line="108">
<kw name="Get SELECTBOX INFO">
<var>${selected_box}</var>
<kw name="Get Text" library="SeleniumLibrary">
<var>${selected_box}</var>
<arg>id=select-multiple-info-display</arg>
<doc>Returns the text value of the element identified by ``locator``.</doc>
<msg timestamp="20241006 04:51:35.088" level="INFO">${selected_box} = Nothing selected</msg>
<status status="PASS" starttime="20241006 04:51:35.073" endtime="20241006 04:51:35.088"/>
</kw>
<msg timestamp="20241006 04:51:35.088" level="INFO">${selected_box} = Nothing selected</msg>
<status status="PASS" starttime="20241006 04:51:35.073" endtime="20241006 04:51:35.088"/>
</kw>
<kw name="Log To Console" library="BuiltIn">
<arg>before Selecting-option: "${selected_box}"</arg>
<doc>Logs the given message to the console.</doc>
<status status="PASS" starttime="20241006 04:51:35.088" endtime="20241006 04:51:35.088"/>
</kw>
<kw name="Should Be Equal" library="BuiltIn">
<arg>${selected_box}</arg>
<arg>${NOTHING_SELECTED}</arg>
<doc>Fails if the given objects are unequal.</doc>
<status status="PASS" starttime="20241006 04:51:35.089" endtime="20241006 04:51:35.089"/>
</kw>
<kw name="Click NUMBERS-OPIONS ZERO">
<kw name="Click Element" library="SeleniumLibrary">
<arg>//*[@id="numbers-options"]/option[1]</arg>
<doc>Click the element identified by ``locator``.</doc>
<msg timestamp="20241006 04:51:35.090" level="INFO">Clicking element '//*[@id="numbers-options"]/option[1]'.</msg>
<status status="PASS" starttime="20241006 04:51:35.090" endtime="20241006 04:51:35.126"/>
</kw>
<status status="PASS" starttime="20241006 04:51:35.089" endtime="20241006 04:51:35.126"/>
</kw>
<kw name="Get SELECTBOX INFO">
<var>${selected_box}</var>
<kw name="Get Text" library="SeleniumLibrary">
<var>${selected_box}</var>
<arg>id=select-multiple-info-display</arg>
<doc>Returns the text value of the element identified by ``locator``.</doc>
<msg timestamp="20241006 04:51:35.142" level="INFO">${selected_box} = Selected: zero</msg>
<status status="PASS" starttime="20241006 04:51:35.127" endtime="20241006 04:51:35.142"/>
</kw>
<msg timestamp="20241006 04:51:35.142" level="INFO">${selected_box} = Selected: zero</msg>
<status status="PASS" starttime="20241006 04:51:35.127" endtime="20241006 04:51:35.142"/>
</kw>
<kw name="Log To Console" library="BuiltIn">
<arg>after Selecting-option: "${selected_box}"</arg>
<doc>Logs the given message to the console.</doc>
<status status="PASS" starttime="20241006 04:51:35.142" endtime="20241006 04:51:35.143"/>
</kw>
<kw name="Should Be Equal" library="BuiltIn">
<arg>${selected_box}</arg>
<arg>${SELECTED_ZERO}</arg>
<doc>Fails if the given objects are unequal.</doc>
<status status="PASS" starttime="20241006 04:51:35.143" endtime="20241006 04:51:35.143"/>
</kw>
<status status="PASS" starttime="20241006 04:51:35.073" endtime="20241006 04:51:35.143"/>
</test>
<kw name="Close Browser" library="SeleniumLibrary" type="TEARDOWN">
<doc>Closes the current browser.</doc>
<status status="PASS" starttime="20241006 04:51:35.144" endtime="20241006 04:51:37.247"/>
</kw>
<doc>Basic AI-aided with Robot Framework - Assignment 10 คะแนน (7 ตค 2567)</doc>
<status status="PASS" starttime="20241006 04:51:30.712" endtime="20241006 04:51:37.247"/>
</suite>
<statistics>
<total>
<stat pass="4" fail="0" skip="0">All Tests</stat>
</total>
<tag>
</tag>
<suite>
<stat pass="4" fail="0" skip="0" id="s1" name="65022353Basic-Robotframwork">65022353Basic-Robotframwork</stat>
</suite>
</statistics>
<errors>
</errors>
</robot>
